0 info it worked if it ends with ok
1 verbose cli [ 'C:\\Program Files\\nodejs\\node.exe',
1 verbose cli   'C:\\Users\\mmorales.WINDOWS\\AppData\\Roaming\\npm\\node_modules\\npm\\bin\\npm-cli.js',
1 verbose cli   'start' ]
2 info using npm@3.8.2
3 info using node@v4.4.0
4 verbose run-script [ 'prestart', 'start', 'poststart' ]
5 info lifecycle kingdom_death_ui@1.0.0~prestart: kingdom_death_ui@1.0.0
6 verbose lifecycle kingdom_death_ui@1.0.0~prestart: unsafe-perm in lifecycle true
7 verbose lifecycle kingdom_death_ui@1.0.0~prestart: PATH: C:\Users\mmorales.WINDOWS\AppData\Roaming\npm\node_modules\npm\bin\node-gyp-bin;C:\Users\mmorales.WINDOWS\Source\Workspaces\Workspace\KingdomDeath\KingdomDeathUI\node_modules\.bin;C:\Program Files\nodejs;C:\ProgramData\Oracle\Java\javapath;C:\Program Files\Common Files\Microsoft Shared\Windows Live;C:\Program Files (x86)\Common Files\Microsoft Shared\Windows Live;C:\Program Files (x86)\HP SimplePass 2011\x64;C:\Program Files (x86)\HP SimplePass 2011\;C:\Windows\system32;C:\Windows;C:\Windows\System32\Wbem;C:\Windows\System32\WindowsPowerShell\v1.0\;c:\Program Files\Intel\DMIX;C:\Program Files (x86)\Intel\Services\IPT\;C:\Program Files (x86)\Common Files\HID\iDirector;C:\Program Files (x86)\Windows Live\Shared;C:\Program Files (x86)\QuickTime\QTSystem\;C:\Program Files (x86)\Microsoft SDKs\TypeScript\1.0\;C:\Program Files\Microsoft SQL Server\120\Tools\Binn\;C:\Program Files\Microsoft\Web Platform Installer\;C:\Program Files (x86)\Windows Kits\8.1\Windows Performance Toolkit\;C:\Program Files (x86)\Microsoft SQL Server\120\Tools\Binn\ManagementStudio\;C:\Program Files (x86)\Microsoft SQL Server\120\Tools\Binn\;C:\Program Files (x86)\Microsoft Visual Studio 12.0\Common7\IDE\PrivateAssemblies\;C:\Program Files (x86)\Microsoft SQL Server\120\DTS\Binn\;C:\Program Files\Microsoft SQL Server\120\DTS\Binn\;C:\Program Files\Microsoft SQL Server\Client SDK\ODBC\110\Tools\Binn\;C:\Program Files (x86)\NVIDIA Corporation\PhysX\Common;c:\Program Files (x86)\Microsoft SQL Server\110\Tools\Binn\;c:\Program Files (x86)\Microsoft SQL Server\110\DTS\Binn\;C:\Windows\system32\config\systemprofile\.dnx\bin;C:\Program Files\Microsoft DNX\Dnvm\;C:\Program Files\nodejs\;C:\Program Files\Git\cmd;C:\Users\mmorales.WINDOWS\.dnx\bin;C:\Users\mmorales.WINDOWS\AppData\Roaming\npm;.bin
8 verbose lifecycle kingdom_death_ui@1.0.0~prestart: CWD: C:\Users\mmorales.WINDOWS\Source\Workspaces\Workspace\KingdomDeath\KingdomDeathUI
9 silly lifecycle kingdom_death_ui@1.0.0~prestart: Args: [ '/d /s /c', 'npm install' ]
10 silly lifecycle kingdom_death_ui@1.0.0~prestart: Returned: code: 0  signal: null
11 info lifecycle kingdom_death_ui@1.0.0~start: kingdom_death_ui@1.0.0
12 verbose lifecycle kingdom_death_ui@1.0.0~start: unsafe-perm in lifecycle true
13 verbose lifecycle kingdom_death_ui@1.0.0~start: PATH: C:\Users\mmorales.WINDOWS\AppData\Roaming\npm\node_modules\npm\bin\node-gyp-bin;C:\Users\mmorales.WINDOWS\Source\Workspaces\Workspace\KingdomDeath\KingdomDeathUI\node_modules\.bin;C:\Program Files\nodejs;C:\ProgramData\Oracle\Java\javapath;C:\Program Files\Common Files\Microsoft Shared\Windows Live;C:\Program Files (x86)\Common Files\Microsoft Shared\Windows Live;C:\Program Files (x86)\HP SimplePass 2011\x64;C:\Program Files (x86)\HP SimplePass 2011\;C:\Windows\system32;C:\Windows;C:\Windows\System32\Wbem;C:\Windows\System32\WindowsPowerShell\v1.0\;c:\Program Files\Intel\DMIX;C:\Program Files (x86)\Intel\Services\IPT\;C:\Program Files (x86)\Common Files\HID\iDirector;C:\Program Files (x86)\Windows Live\Shared;C:\Program Files (x86)\QuickTime\QTSystem\;C:\Program Files (x86)\Microsoft SDKs\TypeScript\1.0\;C:\Program Files\Microsoft SQL Server\120\Tools\Binn\;C:\Program Files\Microsoft\Web Platform Installer\;C:\Program Files (x86)\Windows Kits\8.1\Windows Performance Toolkit\;C:\Program Files (x86)\Microsoft SQL Server\120\Tools\Binn\ManagementStudio\;C:\Program Files (x86)\Microsoft SQL Server\120\Tools\Binn\;C:\Program Files (x86)\Microsoft Visual Studio 12.0\Common7\IDE\PrivateAssemblies\;C:\Program Files (x86)\Microsoft SQL Server\120\DTS\Binn\;C:\Program Files\Microsoft SQL Server\120\DTS\Binn\;C:\Program Files\Microsoft SQL Server\Client SDK\ODBC\110\Tools\Binn\;C:\Program Files (x86)\NVIDIA Corporation\PhysX\Common;c:\Program Files (x86)\Microsoft SQL Server\110\Tools\Binn\;c:\Program Files (x86)\Microsoft SQL Server\110\DTS\Binn\;C:\Windows\system32\config\systemprofile\.dnx\bin;C:\Program Files\Microsoft DNX\Dnvm\;C:\Program Files\nodejs\;C:\Program Files\Git\cmd;C:\Users\mmorales.WINDOWS\.dnx\bin;C:\Users\mmorales.WINDOWS\AppData\Roaming\npm;.bin
14 verbose lifecycle kingdom_death_ui@1.0.0~start: CWD: C:\Users\mmorales.WINDOWS\Source\Workspaces\Workspace\KingdomDeath\KingdomDeathUI
15 silly lifecycle kingdom_death_ui@1.0.0~start: Args: [ '/d /s /c', 'http-server -a localhost -p 8000 -c-1' ]
16 silly lifecycle kingdom_death_ui@1.0.0~start: Returned: code: 1  signal: null
17 info lifecycle kingdom_death_ui@1.0.0~start: Failed to exec start script
18 verbose stack Error: kingdom_death_ui@1.0.0 start: `http-server -a localhost -p 8000 -c-1`
18 verbose stack Exit status 1
18 verbose stack     at EventEmitter.<anonymous> (C:\Users\mmorales.WINDOWS\AppData\Roaming\npm\node_modules\npm\lib\utils\lifecycle.js:239:16)
18 verbose stack     at emitTwo (events.js:87:13)
18 verbose stack     at EventEmitter.emit (events.js:172:7)
18 verbose stack     at ChildProcess.<anonymous> (C:\Users\mmorales.WINDOWS\AppData\Roaming\npm\node_modules\npm\lib\utils\spawn.js:24:14)
18 verbose stack     at emitTwo (events.js:87:13)
18 verbose stack     at ChildProcess.emit (events.js:172:7)
18 verbose stack     at maybeClose (internal/child_process.js:827:16)
18 verbose stack     at Process.ChildProcess._handle.onexit (internal/child_process.js:211:5)
19 verbose pkgid kingdom_death_ui@1.0.0
20 verbose cwd C:\Users\mmorales.WINDOWS\Source\Workspaces\Workspace\KingdomDeath\KingdomDeathUI
21 error Windows_NT 6.1.7601
22 error argv "C:\\Program Files\\nodejs\\node.exe" "C:\\Users\\mmorales.WINDOWS\\AppData\\Roaming\\npm\\node_modules\\npm\\bin\\npm-cli.js" "start"
23 error node v4.4.0
24 error npm  v3.8.2
25 error code ELIFECYCLE
26 error kingdom_death_ui@1.0.0 start: `http-server -a localhost -p 8000 -c-1`
26 error Exit status 1
27 error Failed at the kingdom_death_ui@1.0.0 start script 'http-server -a localhost -p 8000 -c-1'.
27 error Make sure you have the latest version of node.js and npm installed.
27 error If you do, this is most likely a problem with the kingdom_death_ui package,
27 error not with npm itself.
27 error Tell the author that this fails on your system:
27 error     http-server -a localhost -p 8000 -c-1
27 error You can get information on how to open an issue for this project with:
27 error     npm bugs kingdom_death_ui
27 error Or if that isn't available, you can get their info via:
27 error     npm owner ls kingdom_death_ui
27 error There is likely additional logging output above.
28 verbose exit [ 1, true ]
